acpi
acpid
#anything-sync-daemon
ark
baloo
base
bat
bluedevil
bluez
bluez-utils
breeze
breeze-gtk
btrfs-progs
colord-kde
curl
cpupower
dolphin
dolphin-plugins
duf
e2fsprogs
egl-wayland
exa
ffmpeg
ffmpegthumbs
firefox-developer-edition
firewalld
gimp
git
gnome-multi-writer
gst-libav
gst-plugin-pipewire
gst-plugins-bad
gst-plugins-base
gst-plugins-base-libs
gst-plugins-good
gst-plugins-ugly
gstreamer
gstreamer-vaapi
gwenview
intel-gpu-tools
intel-media-driver
intel-ucode
inxi
irqbalance
kate
kde-gtk-config
kdegraphics-thumbnailers
kdeplasma-addons
kdesdk-thumbnailers
kinfocenter
kio-extras
konsole
kscreen
ksysguard
ksystemlog
libinput
libmtp
libreoffice-fresh
libva-intel-driver
libva-mesa-driver
libva-mesa-driver
libva-utils
libvdpau-va-gl
linux-firmware
linux
linux-headers
man-db
#mesa
mesa-amber
mesa-demos
mesa-utils
mesa-vdpau
man-pages
mpv
mtpfs
network-manager-applet
networkmanager
nm-connection-editor
noto-fonts
noto-fonts-emoji
ntfs-3g
nvidia
nvidia-prime
nvidia-settings
nvidia-utils
okular
openssh
openssl
p7zip
pacman-contrib
pavucontrol
pipewire
pipewire-alsa
pipewire-jack
pipewire-media-session
pipewire-pulse
pipewire-v4l2
plasma-desktop
plasma-nm
plasma-pa
plasma-systemmonitor
plasma-wayland-session
plocate
polkit
polkit-kde-agent
power-profiles-daemon
powerdevil
powertop
#profile-sync-daemon
rsync
sddm
sddm-kcm
smplayer
smplayer-skins
smplayer-themes
spectacle
sudo
tar
thermald
telegram-desktop
texinfo
tlp
tmux
ttf-dejavu
ttf-liberation
turbostat
uget
unrar
unzip
usbutils
vdpauinfo
vim
vulkan-icd-loader
vulkan-intel
vulkan-mesa-layers
vulkan-tools
wget
xdg-user-dirs
xf86-input-libinput
xf86-video-intel
xorg-server
xorg-xinput
#zellij
zip
zstd
zsh
zsh-autosuggestions
zsh-completions
zsh-history-substring-search
zsh-syntax-highlighting
zsh-theme-powerlevel10k
######## 32bit[multilib repository] ########
#lib32-libva-mesa-driver
#lib32-mesa
#lib32-mesa-amber
#lib32-mesa-vdpau
#lib32-nvidia-utils
#lib32-pipewire-jack
#lib32-vulkan-icd-loader
#lib32-vulkan-mesa-layers
######## AUR ########
#auto-cpufreq
#kcm-polkit-kde-git
#mediawriter
#mkinitcpio-firmware
##systemd-boot-pacman-hook 
#slimbookbattery
#systemd-kcm
#tmux-bash-completion-git
#xrander
#yay
